# JRE version: Java(TM) SE Runtime Environment (8.0_181-b13) (build 1.8.0_181-b13)
# Java VM: Java HotSpot(TM) 64-Bit Server VM (25.181-b13 mixed mode windows-amd64 compressed oops)
Heap:
 PSYoungGen      total 27648K, used 8142K [0x00000000edb00000, 0x00000000efe00000, 0x0000000100000000)
  eden space 26624K, 30% used [0x00000000edb00000,0x00000000ee2f3940,0x00000000ef500000)
  from space 1024K, 0% used [0x00000000efc80000,0x00000000efc80000,0x00000000efd80000)
  to   space 512K, 0% used [0x00000000efd80000,0x00000000efd80000,0x00000000efe00000)
 ParOldGen       total 70656K, used 21882K [0x00000000c9000000, 0x00000000cd500000, 0x00000000edb00000)
  object space 70656K, 30% used [0x00000000c9000000,0x00000000ca55ea10,0x00000000cd500000)
 Metaspace       used 61220K, capacity 64577K, committed 65024K, reserved 1107968K
  class space    used 8461K, capacity 9037K, committed 9216K, reserved 1048576K
GC Heap History (10 events):
Event: 27964.955 GC heap before
{Heap before GC invocations=418 (full 4):
 PSYoungGen      total 26112K, used 25088K [0x00000000edb00000, 0x00000000eff00000, 0x0000000100000000)
  eden space 25088K, 100% used [0x00000000edb00000,0x00000000ef380000,0x00000000ef380000)
  from space 1024K, 0% used [0x00000000efd00000,0x00000000efd00000,0x00000000efe00000)
  to   space 1024K, 0% used [0x00000000efe00000,0x00000000efe00000,0x00000000eff00000)
 ParOldGen       total 70656K, used 27690K [0x00000000c9000000, 0x00000000cd500000, 0x00000000edb00000)
  object space 70656K, 39% used [0x00000000c9000000,0x00000000cab0a858,0x00000000cd500000)
 Metaspace       used 61125K, capacity 64493K, committed 64896K, reserved 1107968K
  class space    used 8436K, capacity 9015K, committed 9088K, reserved 1048576K
Event: 27965.003 GC heap after
Heap after GC invocations=418 (full 4):
 PSYoungGen      total 26112K, used 384K [0x00000000edb00000, 0x00000000efe80000, 0x0000000100000000)
  eden space 25600K, 0% used [0x00000000edb00000,0x00000000edb00000,0x00000000ef400000)
  from space 512K, 75% used [0x00000000efe00000,0x00000000efe60000,0x00000000efe80000)
  to   space 1024K, 0% used [0x00000000efc80000,0x00000000efc80000,0x00000000efd80000)
 ParOldGen       total 70656K, used 27690K [0x00000000c9000000, 0x00000000cd500000, 0x00000000edb00000)
  object space 70656K, 39% used [0x00000000c9000000,0x00000000cab0a858,0x00000000cd500000)
 Metaspace       used 61125K, capacity 64493K, committed 64896K, reserved 1107968K
  class space    used 8436K, capacity 9015K, committed 9088K, reserved 1048576K
}
Event: 27995.202 GC heap before
{Heap before GC invocations=419 (full 4):
 PSYoungGen      total 26112K, used 25984K [0x00000000edb00000, 0x00000000efe80000, 0x0000000100000000)
  eden space 25600K, 100% used [0x00000000edb00000,0x00000000ef400000,0x00000000ef400000)
  from space 512K, 75% used [0x00000000efe00000,0x00000000efe60000,0x00000000efe80000)
  to   space 1024K, 0% used [0x00000000efc80000,0x00000000efc80000,0x00000000efd80000)
 ParOldGen       total 70656K, used 27690K [0x00000000c9000000, 0x00000000cd500000, 0x00000000edb00000)
  object space 70656K, 39% used [0x00000000c9000000,0x00000000cab0a858,0x00000000cd500000)
 Metaspace       used 61125K, capacity 64493K, committed 64896K, reserved 1107968K
  class space    used 8436K, capacity 9015K, committed 9088K, reserved 1048576K
Event: 27995.212 GC heap after
Heap after GC invocations=419 (full 4):
 PSYoungGen      total 27136K, used 480K [0x00000000edb00000, 0x00000000efe80000, 0x0000000100000000)
  eden space 26112K, 0% used [0x00000000edb00000,0x00000000edb00000,0x00000000ef480000)
  from space 1024K, 46% used [0x00000000efc80000,0x00000000efcf8000,0x00000000efd80000)
  to   space 1024K, 0% used [0x00000000efd80000,0x00000000efd80000,0x00000000efe80000)
 ParOldGen       total 70656K, used 27690K [0x00000000c9000000, 0x00000000cd500000, 0x00000000edb00000)
  object space 70656K, 39% used [0x00000000c9000000,0x00000000cab0a858,0x00000000cd500000)
 Metaspace       used 61125K, capacity 64493K, committed 64896K, reserved 1107968K
  class space    used 8436K, capacity 9015K, committed 9088K, reserved 1048576K
}
Event: 28001.737 GC heap before
{Heap before GC invocations=420 (full 4):
 PSYoungGen      total 27136K, used 26555K [0x00000000edb00000, 0x00000000efe80000, 0x0000000100000000)
  eden space 26112K, 99% used [0x00000000edb00000,0x00000000ef476c88,0x00000000ef480000)
  from space 1024K, 46% used [0x00000000efc80000,0x00000000efcf8000,0x00000000efd80000)
  to   space 1024K, 0% used [0x00000000efd80000,0x00000000efd80000,0x00000000efe80000)
 ParOldGen       total 70656K, used 27690K [0x00000000c9000000, 0x00000000cd500000, 0x00000000edb00000)
  object space 70656K, 39% used [0x00000000c9000000,0x00000000cab0a858,0x00000000cd500000)
 Metaspace       used 61175K, capacity 64533K, committed 64896K, reserved 1107968K
  class space    used 8449K, capacity 9024K, committed 9088K, reserved 1048576K
Event: 28001.745 GC heap after
Heap after GC invocations=420 (full 4):
 PSYoungGen      total 27648K, used 515K [0x00000000edb00000, 0x00000000efe80000, 0x0000000100000000)
  eden space 26624K, 0% used [0x00000000edb00000,0x00000000edb00000,0x00000000ef500000)
  from space 1024K, 50% used [0x00000000efd80000,0x00000000efe00d00,0x00000000efe80000)
  to   space 1024K, 0% used [0x00000000efc80000,0x00000000efc80000,0x00000000efd80000)
 ParOldGen       total 70656K, used 27698K [0x00000000c9000000, 0x00000000cd500000, 0x00000000edb00000)
  object space 70656K, 39% used [0x00000000c9000000,0x00000000cab0c858,0x00000000cd500000)
 Metaspace       used 61175K, capacity 64533K, committed 64896K, reserved 1107968K
  class space    used 8449K, capacity 9024K, committed 9088K, reserved 1048576K
}
Event: 28001.781 GC heap before
{Heap before GC invocations=421 (full 4):
 PSYoungGen      total 27648K, used 21056K [0x00000000edb00000, 0x00000000efe80000, 0x0000000100000000)
  eden space 26624K, 77% used [0x00000000edb00000,0x00000000eef0f360,0x00000000ef500000)
  from space 1024K, 50% used [0x00000000efd80000,0x00000000efe00d00,0x00000000efe80000)
  to   space 1024K, 0% used [0x00000000efc80000,0x00000000efc80000,0x00000000efd80000)
 ParOldGen       total 70656K, used 27698K [0x00000000c9000000, 0x00000000cd500000, 0x00000000edb00000)
  object space 70656K, 39% used [0x00000000c9000000,0x00000000cab0c858,0x00000000cd500000)
 Metaspace       used 61199K, capacity 64559K, committed 64896K, reserved 1107968K
  class space    used 8457K, capacity 9033K, committed 9088K, reserved 1048576K
Event: 28001.789 GC heap after
Heap after GC invocations=421 (full 4):
 PSYoungGen      total 27648K, used 648K [0x00000000edb00000, 0x00000000efe00000, 0x0000000100000000)
  eden space 26624K, 0% used [0x00000000edb00000,0x00000000edb00000,0x00000000ef500000)
  from space 1024K, 63% used [0x00000000efc80000,0x00000000efd22308,0x00000000efd80000)
  to   space 512K, 0% used [0x00000000efd80000,0x00000000efd80000,0x00000000efe00000)
 ParOldGen       total 70656K, used 27698K [0x00000000c9000000, 0x00000000cd500000, 0x00000000edb00000)
  object space 70656K, 39% used [0x00000000c9000000,0x00000000cab0c858,0x00000000cd500000)
 Metaspace       used 61199K, capacity 64559K, committed 64896K, reserved 1107968K
  class space    used 8457K, capacity 9033K, committed 9088K, reserved 1048576K
}
Event: 28001.789 GC heap before
{Heap before GC invocations=422 (full 5):
 PSYoungGen      total 27648K, used 648K [0x00000000edb00000, 0x00000000efe00000, 0x0000000100000000)
  eden space 26624K, 0% used [0x00000000edb00000,0x00000000edb00000,0x00000000ef500000)
  from space 1024K, 63% used [0x00000000efc80000,0x00000000efd22308,0x00000000efd80000)
  to   space 512K, 0% used [0x00000000efd80000,0x00000000efd80000,0x00000000efe00000)
 ParOldGen       total 70656K, used 27698K [0x00000000c9000000, 0x00000000cd500000, 0x00000000edb00000)
  object space 70656K, 39% used [0x00000000c9000000,0x00000000cab0c858,0x00000000cd500000)
 Metaspace       used 61199K, capacity 64559K, committed 64896K, reserved 1107968K
  class space    used 8457K, capacity 9033K, committed 9088K, reserved 1048576K
Event: 28002.185 GC heap after
Heap after GC invocations=422 (full 5):
 PSYoungGen      total 27648K, used 0K [0x00000000edb00000, 0x00000000efe00000, 0x0000000100000000)
  eden space 26624K, 0% used [0x00000000edb00000,0x00000000edb00000,0x00000000ef500000)
  from space 1024K, 0% used [0x00000000efc80000,0x00000000efc80000,0x00000000efd80000)
  to   space 512K, 0% used [0x00000000efd80000,0x00000000efd80000,0x00000000efe00000)
 ParOldGen       total 70656K, used 21882K [0x00000000c9000000, 0x00000000cd500000, 0x00000000edb00000)
  object space 70656K, 30% used [0x00000000c9000000,0x00000000ca55ea10,0x00000000cd500000)
 Metaspace       used 61199K, capacity 64559K, committed 64896K, reserved 1107968K
  class space    used 8457K, capacity 9033K, committed 9088K, reserved 1048576K
}

