# JRE version: Java(TM) SE Runtime Environment (8.0_181-b13) (build 1.8.0_181-b13)
# Java VM: Java HotSpot(TM) 64-Bit Server VM (25.181-b13 mixed mode windows-amd64 compressed oops)
Heap:
 PSYoungGen      total 169472K, used 31216K [0x00000000db000000, 0x00000000e7480000, 0x0000000100000000)
  eden space 158208K, 12% used [0x00000000db000000,0x00000000dc381da8,0x00000000e4a80000)
  from space 11264K, 99% used [0x00000000e5700000,0x00000000e61fa3b8,0x00000000e6200000)
  to   space 12800K, 0% used [0x00000000e4a80000,0x00000000e4a80000,0x00000000e5700000)
 ParOldGen       total 94720K, used 18481K [0x0000000091000000, 0x0000000096c80000, 0x00000000db000000)
  object space 94720K, 19% used [0x0000000091000000,0x000000009220c438,0x0000000096c80000)
 Metaspace       used 51190K, capacity 53728K, committed 54016K, reserved 1095680K
  class space    used 7127K, capacity 7570K, committed 7680K, reserved 1048576K
GC Heap History (10 events):
Event: 11.490 GC heap before
{Heap before GC invocations=11 (full 2):
 PSYoungGen      total 171008K, used 8217K [0x00000000db000000, 0x00000000e7480000, 0x0000000100000000)
  eden space 158208K, 0% used [0x00000000db000000,0x00000000db000000,0x00000000e4a80000)
  from space 12800K, 64% used [0x00000000e4a80000,0x00000000e5286460,0x00000000e5700000)
  to   space 11264K, 0% used [0x00000000e5700000,0x00000000e5700000,0x00000000e6200000)
 ParOldGen       total 50688K, used 9780K [0x0000000091000000, 0x0000000094180000, 0x00000000db000000)
  object space 50688K, 19% used [0x0000000091000000,0x000000009198d300,0x0000000094180000)
 Metaspace       used 33495K, capacity 35454K, committed 35496K, reserved 1079296K
  class space    used 4468K, capacity 4822K, committed 4864K, reserved 1048576K
Event: 11.660 GC heap after
Heap after GC invocations=11 (full 2):
 PSYoungGen      total 171008K, used 0K [0x00000000db000000, 0x00000000e7480000, 0x0000000100000000)
  eden space 158208K, 0% used [0x00000000db000000,0x00000000db000000,0x00000000e4a80000)
  from space 12800K, 0% used [0x00000000e4a80000,0x00000000e4a80000,0x00000000e5700000)
  to   space 11264K, 0% used [0x00000000e5700000,0x00000000e5700000,0x00000000e6200000)
 ParOldGen       total 50688K, used 13314K [0x0000000091000000, 0x0000000094180000, 0x00000000db000000)
  object space 50688K, 26% used [0x0000000091000000,0x0000000091d00a88,0x0000000094180000)
 Metaspace       used 33495K, capacity 35454K, committed 35496K, reserved 1079296K
  class space    used 4468K, capacity 4822K, committed 4864K, reserved 1048576K
}
Event: 13.534 GC heap before
{Heap before GC invocations=12 (full 2):
 PSYoungGen      total 171008K, used 158208K [0x00000000db000000, 0x00000000e7480000, 0x0000000100000000)
  eden space 158208K, 100% used [0x00000000db000000,0x00000000e4a80000,0x00000000e4a80000)
  from space 12800K, 0% used [0x00000000e4a80000,0x00000000e4a80000,0x00000000e5700000)
  to   space 11264K, 0% used [0x00000000e5700000,0x00000000e5700000,0x00000000e6200000)
 ParOldGen       total 50688K, used 13314K [0x0000000091000000, 0x0000000094180000, 0x00000000db000000)
  object space 50688K, 26% used [0x0000000091000000,0x0000000091d00a88,0x0000000094180000)
 Metaspace       used 42262K, capacity 44608K, committed 44928K, reserved 1087488K
  class space    used 5736K, capacity 6175K, committed 6272K, reserved 1048576K
Event: 13.561 GC heap after
Heap after GC invocations=12 (full 2):
 PSYoungGen      total 169472K, used 11252K [0x00000000db000000, 0x00000000e7480000, 0x0000000100000000)
  eden space 158208K, 0% used [0x00000000db000000,0x00000000db000000,0x00000000e4a80000)
  from space 11264K, 99% used [0x00000000e5700000,0x00000000e61fd350,0x00000000e6200000)
  to   space 12800K, 0% used [0x00000000e4a80000,0x00000000e4a80000,0x00000000e5700000)
 ParOldGen       total 50688K, used 15075K [0x0000000091000000, 0x0000000094180000, 0x00000000db000000)
  object space 50688K, 29% used [0x0000000091000000,0x0000000091eb8c20,0x0000000094180000)
 Metaspace       used 42262K, capacity 44608K, committed 44928K, reserved 1087488K
  class space    used 5736K, capacity 6175K, committed 6272K, reserved 1048576K
}
Event: 13.614 GC heap before
{Heap before GC invocations=13 (full 2):
 PSYoungGen      total 169472K, used 17982K [0x00000000db000000, 0x00000000e7480000, 0x0000000100000000)
  eden space 158208K, 4% used [0x00000000db000000,0x00000000db6926c8,0x00000000e4a80000)
  from space 11264K, 99% used [0x00000000e5700000,0x00000000e61fd350,0x00000000e6200000)
  to   space 12800K, 0% used [0x00000000e4a80000,0x00000000e4a80000,0x00000000e5700000)
 ParOldGen       total 50688K, used 15075K [0x0000000091000000, 0x0000000094180000, 0x00000000db000000)
  object space 50688K, 29% used [0x0000000091000000,0x0000000091eb8c20,0x0000000094180000)
 Metaspace       used 42553K, capacity 44844K, committed 44928K, reserved 1091584K
  class space    used 5765K, capacity 6209K, committed 6272K, reserved 1048576K
Event: 13.644 GC heap after
Heap after GC invocations=13 (full 2):
 PSYoungGen      total 171008K, used 467K [0x00000000db000000, 0x00000000e7480000, 0x0000000100000000)
  eden space 158208K, 0% used [0x00000000db000000,0x00000000db000000,0x00000000e4a80000)
  from space 12800K, 3% used [0x00000000e4a80000,0x00000000e4af4ef0,0x00000000e5700000)
  to   space 11264K, 0% used [0x00000000e5700000,0x00000000e5700000,0x00000000e6200000)
 ParOldGen       total 50688K, used 21098K [0x0000000091000000, 0x0000000094180000, 0x00000000db000000)
  object space 50688K, 41% used [0x0000000091000000,0x000000009249a978,0x0000000094180000)
 Metaspace       used 42553K, capacity 44844K, committed 44928K, reserved 1091584K
  class space    used 5765K, capacity 6209K, committed 6272K, reserved 1048576K
}
Event: 13.644 GC heap before
{Heap before GC invocations=14 (full 3):
 PSYoungGen      total 171008K, used 467K [0x00000000db000000, 0x00000000e7480000, 0x0000000100000000)
  eden space 158208K, 0% used [0x00000000db000000,0x00000000db000000,0x00000000e4a80000)
  from space 12800K, 3% used [0x00000000e4a80000,0x00000000e4af4ef0,0x00000000e5700000)
  to   space 11264K, 0% used [0x00000000e5700000,0x00000000e5700000,0x00000000e6200000)
 ParOldGen       total 50688K, used 21098K [0x0000000091000000, 0x0000000094180000, 0x00000000db000000)
  object space 50688K, 41% used [0x0000000091000000,0x000000009249a978,0x0000000094180000)
 Metaspace       used 42553K, capacity 44844K, committed 44928K, reserved 1091584K
  class space    used 5765K, capacity 6209K, committed 6272K, reserved 1048576K
Event: 14.073 GC heap after
Heap after GC invocations=14 (full 3):
 PSYoungGen      total 171008K, used 0K [0x00000000db000000, 0x00000000e7480000, 0x0000000100000000)
  eden space 158208K, 0% used [0x00000000db000000,0x00000000db000000,0x00000000e4a80000)
  from space 12800K, 0% used [0x00000000e4a80000,0x00000000e4a80000,0x00000000e5700000)
  to   space 11264K, 0% used [0x00000000e5700000,0x00000000e5700000,0x00000000e6200000)
 ParOldGen       total 94720K, used 18401K [0x0000000091000000, 0x0000000096c80000, 0x00000000db000000)
  object space 94720K, 19% used [0x0000000091000000,0x00000000921f87b0,0x0000000096c80000)
 Metaspace       used 42549K, capacity 44838K, committed 44928K, reserved 1089536K
  class space    used 5765K, capacity 6208K, committed 6272K, reserved 1048576K
}
Event: 17.000 GC heap before
{Heap before GC invocations=15 (full 3):
 PSYoungGen      total 171008K, used 158208K [0x00000000db000000, 0x00000000e7480000, 0x0000000100000000)
  eden space 158208K, 100% used [0x00000000db000000,0x00000000e4a80000,0x00000000e4a80000)
  from space 12800K, 0% used [0x00000000e4a80000,0x00000000e4a80000,0x00000000e5700000)
  to   space 11264K, 0% used [0x00000000e5700000,0x00000000e5700000,0x00000000e6200000)
 ParOldGen       total 94720K, used 18401K [0x0000000091000000, 0x0000000096c80000, 0x00000000db000000)
  object space 94720K, 19% used [0x0000000091000000,0x00000000921f87b0,0x0000000096c80000)
 Metaspace       used 50612K, capacity 53162K, committed 53376K, reserved 1095680K
  class space    used 7049K, capacity 7493K, committed 7552K, reserved 1048576K
Event: 17.024 GC heap after
Heap after GC invocations=15 (full 3):
 PSYoungGen      total 169472K, used 11240K [0x00000000db000000, 0x00000000e7480000, 0x0000000100000000)
  eden space 158208K, 0% used [0x00000000db000000,0x00000000db000000,0x00000000e4a80000)
  from space 11264K, 99% used [0x00000000e5700000,0x00000000e61fa3b8,0x00000000e6200000)
  to   space 12800K, 0% used [0x00000000e4a80000,0x00000000e4a80000,0x00000000e5700000)
 ParOldGen       total 94720K, used 18481K [0x0000000091000000, 0x0000000096c80000, 0x00000000db000000)
  object space 94720K, 19% used [0x0000000091000000,0x000000009220c438,0x0000000096c80000)
 Metaspace       used 50612K, capacity 53162K, committed 53376K, reserved 1095680K
  class space    used 7049K, capacity 7493K, committed 7552K, reserved 1048576K
}

