# JRE version: Java(TM) SE Runtime Environment (8.0_181-b13) (build 1.8.0_181-b13)
# Java VM: Java HotSpot(TM) 64-Bit Server VM (25.181-b13 mixed mode windows-amd64 compressed oops)
Heap:
 PSYoungGen      total 43520K, used 29944K [0x00000000edb00000, 0x00000000f0e00000, 0x0000000100000000)
  eden space 40448K, 66% used [0x00000000edb00000,0x00000000ef53e3f8,0x00000000f0280000)
  from space 3072K, 100% used [0x00000000f0a00000,0x00000000f0d00000,0x00000000f0d00000)
  to   space 1024K, 0% used [0x00000000f0d00000,0x00000000f0d00000,0x00000000f0e00000)
 ParOldGen       total 69120K, used 29546K [0x00000000c9000000, 0x00000000cd380000, 0x00000000edb00000)
  object space 69120K, 42% used [0x00000000c9000000,0x00000000cacda878,0x00000000cd380000)
 Metaspace       used 61507K, capacity 65128K, committed 65536K, reserved 1105920K
  class space    used 8506K, capacity 9095K, committed 9216K, reserved 1048576K
GC Heap History (10 events):
Event: 25539.785 GC heap before
{Heap before GC invocations=387 (full 4):
 PSYoungGen      total 24064K, used 23040K [0x00000000edb00000, 0x00000000f1080000, 0x0000000100000000)
  eden space 23040K, 100% used [0x00000000edb00000,0x00000000ef180000,0x00000000ef180000)
  from space 1024K, 0% used [0x00000000f0f80000,0x00000000f0f80000,0x00000000f1080000)
  to   space 1024K, 0% used [0x00000000f0e80000,0x00000000f0e80000,0x00000000f0f80000)
 ParOldGen       total 69120K, used 25373K [0x00000000c9000000, 0x00000000cd380000, 0x00000000edb00000)
  object space 69120K, 36% used [0x00000000c9000000,0x00000000ca8c7780,0x00000000cd380000)
 Metaspace       used 61110K, capacity 64642K, committed 65280K, reserved 1105920K
  class space    used 8454K, capacity 9030K, committed 9216K, reserved 1048576K
Event: 25539.818 GC heap after
Heap after GC invocations=387 (full 4):
 PSYoungGen      total 24576K, used 1024K [0x00000000edb00000, 0x00000000f1000000, 0x0000000100000000)
  eden space 23552K, 0% used [0x00000000edb00000,0x00000000edb00000,0x00000000ef200000)
  from space 1024K, 100% used [0x00000000f0e80000,0x00000000f0f80000,0x00000000f0f80000)
  to   space 512K, 0% used [0x00000000f0f80000,0x00000000f0f80000,0x00000000f1000000)
 ParOldGen       total 69120K, used 26582K [0x00000000c9000000, 0x00000000cd380000, 0x00000000edb00000)
  object space 69120K, 38% used [0x00000000c9000000,0x00000000ca9f5a20,0x00000000cd380000)
 Metaspace       used 61110K, capacity 64642K, committed 65280K, reserved 1105920K
  class space    used 8454K, capacity 9030K, committed 9216K, reserved 1048576K
}
Event: 25540.145 GC heap before
{Heap before GC invocations=388 (full 4):
 PSYoungGen      total 24576K, used 24576K [0x00000000edb00000, 0x00000000f1000000, 0x0000000100000000)
  eden space 23552K, 100% used [0x00000000edb00000,0x00000000ef200000,0x00000000ef200000)
  from space 1024K, 100% used [0x00000000f0e80000,0x00000000f0f80000,0x00000000f0f80000)
  to   space 512K, 0% used [0x00000000f0f80000,0x00000000f0f80000,0x00000000f1000000)
 ParOldGen       total 69120K, used 26582K [0x00000000c9000000, 0x00000000cd380000, 0x00000000edb00000)
  object space 69120K, 38% used [0x00000000c9000000,0x00000000ca9f5a20,0x00000000cd380000)
 Metaspace       used 61179K, capacity 64732K, committed 65280K, reserved 1105920K
  class space    used 8466K, capacity 9045K, committed 9216K, reserved 1048576K
Event: 25540.177 GC heap after
Heap after GC invocations=388 (full 4):
 PSYoungGen      total 26624K, used 512K [0x00000000edb00000, 0x00000000f1000000, 0x0000000100000000)
  eden space 26112K, 0% used [0x00000000edb00000,0x00000000edb00000,0x00000000ef480000)
  from space 512K, 100% used [0x00000000f0f80000,0x00000000f1000000,0x00000000f1000000)
  to   space 2560K, 0% used [0x00000000f0b00000,0x00000000f0b00000,0x00000000f0d80000)
 ParOldGen       total 69120K, used 28648K [0x00000000c9000000, 0x00000000cd380000, 0x00000000edb00000)
  object space 69120K, 41% used [0x00000000c9000000,0x00000000cabfa090,0x00000000cd380000)
 Metaspace       used 61179K, capacity 64732K, committed 65280K, reserved 1105920K
  class space    used 8466K, capacity 9045K, committed 9216K, reserved 1048576K
}
Event: 25540.879 GC heap before
{Heap before GC invocations=389 (full 4):
 PSYoungGen      total 26624K, used 26617K [0x00000000edb00000, 0x00000000f1000000, 0x0000000100000000)
  eden space 26112K, 99% used [0x00000000edb00000,0x00000000ef47e778,0x00000000ef480000)
  from space 512K, 100% used [0x00000000f0f80000,0x00000000f1000000,0x00000000f1000000)
  to   space 2560K, 0% used [0x00000000f0b00000,0x00000000f0b00000,0x00000000f0d80000)
 ParOldGen       total 69120K, used 28648K [0x00000000c9000000, 0x00000000cd380000, 0x00000000edb00000)
  object space 69120K, 41% used [0x00000000c9000000,0x00000000cabfa090,0x00000000cd380000)
 Metaspace       used 61223K, capacity 64768K, committed 65280K, reserved 1105920K
  class space    used 8471K, capacity 9051K, committed 9216K, reserved 1048576K
Event: 25540.934 GC heap after
Heap after GC invocations=389 (full 4):
 PSYoungGen      total 32256K, used 2432K [0x00000000edb00000, 0x00000000f1000000, 0x0000000100000000)
  eden space 29696K, 0% used [0x00000000edb00000,0x00000000edb00000,0x00000000ef800000)
  from space 2560K, 95% used [0x00000000f0b00000,0x00000000f0d60000,0x00000000f0d80000)
  to   space 2560K, 0% used [0x00000000f0d80000,0x00000000f0d80000,0x00000000f1000000)
 ParOldGen       total 69120K, used 28656K [0x00000000c9000000, 0x00000000cd380000, 0x00000000edb00000)
  object space 69120K, 41% used [0x00000000c9000000,0x00000000cabfc090,0x00000000cd380000)
 Metaspace       used 61223K, capacity 64768K, committed 65280K, reserved 1105920K
  class space    used 8471K, capacity 9051K, committed 9216K, reserved 1048576K
}
Event: 25541.017 GC heap before
{Heap before GC invocations=390 (full 4):
 PSYoungGen      total 32256K, used 32091K [0x00000000edb00000, 0x00000000f1000000, 0x0000000100000000)
  eden space 29696K, 99% used [0x00000000edb00000,0x00000000ef7f6e40,0x00000000ef800000)
  from space 2560K, 95% used [0x00000000f0b00000,0x00000000f0d60000,0x00000000f0d80000)
  to   space 2560K, 0% used [0x00000000f0d80000,0x00000000f0d80000,0x00000000f1000000)
 ParOldGen       total 69120K, used 28656K [0x00000000c9000000, 0x00000000cd380000, 0x00000000edb00000)
  object space 69120K, 41% used [0x00000000c9000000,0x00000000cabfc090,0x00000000cd380000)
 Metaspace       used 61223K, capacity 64768K, committed 65280K, reserved 1105920K
  class space    used 8471K, capacity 9051K, committed 9216K, reserved 1048576K
Event: 25541.050 GC heap after
Heap after GC invocations=390 (full 4):
 PSYoungGen      total 37376K, used 2368K [0x00000000edb00000, 0x00000000f1000000, 0x0000000100000000)
  eden space 34816K, 0% used [0x00000000edb00000,0x00000000edb00000,0x00000000efd00000)
  from space 2560K, 92% used [0x00000000f0d80000,0x00000000f0fd0280,0x00000000f1000000)
  to   space 3072K, 0% used [0x00000000f0a00000,0x00000000f0a00000,0x00000000f0d00000)
 ParOldGen       total 69120K, used 28664K [0x00000000c9000000, 0x00000000cd380000, 0x00000000edb00000)
  object space 69120K, 41% used [0x00000000c9000000,0x00000000cabfe090,0x00000000cd380000)
 Metaspace       used 61223K, capacity 64768K, committed 65280K, reserved 1105920K
  class space    used 8471K, capacity 9051K, committed 9216K, reserved 1048576K
}
Event: 25542.013 GC heap before
{Heap before GC invocations=391 (full 4):
 PSYoungGen      total 37376K, used 37184K [0x00000000edb00000, 0x00000000f1000000, 0x0000000100000000)
  eden space 34816K, 100% used [0x00000000edb00000,0x00000000efd00000,0x00000000efd00000)
  from space 2560K, 92% used [0x00000000f0d80000,0x00000000f0fd0280,0x00000000f1000000)
  to   space 3072K, 0% used [0x00000000f0a00000,0x00000000f0a00000,0x00000000f0d00000)
 ParOldGen       total 69120K, used 28664K [0x00000000c9000000, 0x00000000cd380000, 0x00000000edb00000)
  object space 69120K, 41% used [0x00000000c9000000,0x00000000cabfe090,0x00000000cd380000)
 Metaspace       used 61368K, capacity 64934K, committed 65280K, reserved 1105920K
  class space    used 8494K, capacity 9084K, committed 9216K, reserved 1048576K
Event: 25542.066 GC heap after
Heap after GC invocations=391 (full 4):
 PSYoungGen      total 43520K, used 3072K [0x00000000edb00000, 0x00000000f0e00000, 0x0000000100000000)
  eden space 40448K, 0% used [0x00000000edb00000,0x00000000edb00000,0x00000000f0280000)
  from space 3072K, 100% used [0x00000000f0a00000,0x00000000f0d00000,0x00000000f0d00000)
  to   space 1024K, 0% used [0x00000000f0d00000,0x00000000f0d00000,0x00000000f0e00000)
 ParOldGen       total 69120K, used 29546K [0x00000000c9000000, 0x00000000cd380000, 0x00000000edb00000)
  object space 69120K, 42% used [0x00000000c9000000,0x00000000cacda878,0x00000000cd380000)
 Metaspace       used 61368K, capacity 64934K, committed 65280K, reserved 1105920K
  class space    used 8494K, capacity 9084K, committed 9216K, reserved 1048576K
}

